The system is: Linux - 5.3.18-57-default - x86_64
Compiling the C compiler identification source file "CMakeCCompilerId.c" succeeded.
Compiler: /opt/cray/pe/craype/2.7.15/bin/cc 
Build flags: 
Id flags:  

The output was:
0


Compilation of the C compiler identification source "CMakeCCompilerId.c" produced "a.out"

The C compiler identification is GNU, found in "/lus/grand/projects/SEEr-Polaris/Polaris-Miniapps/miniapp_B/app_build/CMakeFiles/3.22.1/CompilerIdC/a.out"

Compiling the CXX compiler identification source file "CMakeCXXCompilerId.cpp" succeeded.
Compiler: /opt/cray/pe/craype/2.7.15/bin/CC 
Build flags: 
Id flags:  

The output was:
0


Compilation of the CXX compiler identification source "CMakeCXXCompilerId.cpp" produced "a.out"

The CXX compiler identification is GNU, found in "/lus/grand/projects/SEEr-Polaris/Polaris-Miniapps/miniapp_B/app_build/CMakeFiles/3.22.1/CompilerIdCXX/a.out"

Detecting C compiler ABI info compiled with the following output:
Change Dir: /lus/grand/projects/SEEr-Polaris/Polaris-Miniapps/miniapp_B/app_build/CMakeFiles/CMakeTmp

Run Build Command(s):/usr/bin/gmake -f Makefile cmTC_8e712/fast && /usr/bin/gmake  -f CMakeFiles/cmTC_8e712.dir/build.make CMakeFiles/cmTC_8e712.dir/build
gmake[1]: Entering directory '/lus/grand/projects/SEEr-Polaris/Polaris-Miniapps/miniapp_B/app_build/CMakeFiles/CMakeTmp'
Building C object CMakeFiles/cmTC_8e712.dir/CMakeCCompilerABI.c.o
/opt/cray/pe/craype/2.7.15/bin/cc   -v -o CMakeFiles/cmTC_8e712.dir/CMakeCCompilerABI.c.o -c /soft/datascience/conda/2022-09-08/mconda3/share/cmake-3.22/Modules/CMakeCCompilerABI.c
Using built-in specs.
COLLECT_GCC=/opt/cray/pe/gcc/11.2.0/bin/../snos/bin/gcc
Target: x86_64-suse-linux
Configured with: ../cpe-gcc-11.2.0-202108140355.9bf1fd589a5c1/configure --prefix=/opt/cray/pe/gcc/11.2.0/snos --disable-nls --libdir=/opt/cray/pe/gcc/11.2.0/snos/lib --enable-languages=c,c++,fortran --with-gxx-include-dir=/opt/cray/pe/gcc/11.2.0/snos/include/g++ --with-slibdir=/opt/cray/pe/gcc/11.2.0/snos/lib --with-system-zlib --enable-shared --enable-__cxa_atexit --build=x86_64-suse-linux --with-ppl --with-cloog --disable-multilib
Thread model: posix
Supported LTO compression algorithms: zlib
gcc version 11.2.0 20210728 (Cray Inc.) (GCC) 
COLLECT_GCC_OPTIONS='-march=znver2' '-D' '__CRAY_X86_ROME' '-D' '__CRAY_NVIDIA80' '-D' '__CRAYXT_COMPUTE_LINUX_TARGET' '-D' '__TARGET_LINUX__' '-v' '-o' 'CMakeFiles/cmTC_8e712.dir/CMakeCCompilerABI.c.o' '-c' '-I' '/opt/cray/pe/mpich/8.1.16/ofi/gnu/9.1/include' '-I' '/opt/cray/pe/pals/1.1.7/include' '-I' '/opt/cray/pe/pmi/6.1.2/include' '-I' '/opt/cray/pe/dsmml/0.2.2/dsmml//include' '-dumpdir' 'CMakeFiles/cmTC_8e712.dir/'
 /opt/cray/pe/gcc/11.2.0/snos/libexec/gcc/x86_64-suse-linux/11.2.0/cc1 -quiet -v -I /opt/cray/pe/mpich/8.1.16/ofi/gnu/9.1/include -I /opt/cray/pe/pals/1.1.7/include -I /opt/cray/pe/pmi/6.1.2/include -I /opt/cray/pe/dsmml/0.2.2/dsmml//include -D __CRAY_X86_ROME -D __CRAY_NVIDIA80 -D __CRAYXT_COMPUTE_LINUX_TARGET -D __TARGET_LINUX__ /soft/datascience/conda/2022-09-08/mconda3/share/cmake-3.22/Modules/CMakeCCompilerABI.c -quiet -dumpdir CMakeFiles/cmTC_8e712.dir/ -dumpbase CMakeCCompilerABI.c.c -dumpbase-ext .c -march=znver2 -version -o /var/tmp/pbs.361596.polaris-pbs-01.hsn.cm.polaris.alcf.anl.gov/ccSyv5QT.s
GNU C17 (GCC) version 11.2.0 20210728 (Cray Inc.) (x86_64-suse-linux)
	compiled by GNU C version 11.2.0 20210728 (Cray Inc.), GMP version 6.0.0, MPFR version 3.1.3, MPC version 1.0.3, isl version isl-0.15-GMP

GGC heuristics: --param ggc-min-expand=100 --param ggc-min-heapsize=131072
ignoring nonexistent directory "/opt/cray/pe/gcc/11.2.0/snos/lib/gcc/x86_64-suse-linux/11.2.0/../../../../x86_64-suse-linux/include"
#include "..." search starts here:
#include <...> search starts here:
 /opt/cray/pe/mpich/8.1.16/ofi/gnu/9.1/include
 /opt/cray/pe/pals/1.1.7/include
 /opt/cray/pe/pmi/6.1.2/include
 /opt/cray/pe/dsmml/0.2.2/dsmml//include
 /opt/cray/pe/gcc/11.2.0/snos/lib/gcc/x86_64-suse-linux/11.2.0/include
 /usr/local/include
 /opt/cray/pe/gcc/11.2.0/snos/include
 /opt/cray/pe/gcc/11.2.0/snos/lib/gcc/x86_64-suse-linux/11.2.0/include-fixed
 /usr/include
End of search list.
GNU C17 (GCC) version 11.2.0 20210728 (Cray Inc.) (x86_64-suse-linux)
	compiled by GNU C version 11.2.0 20210728 (Cray Inc.), GMP version 6.0.0, MPFR version 3.1.3, MPC version 1.0.3, isl version isl-0.15-GMP

GGC heuristics: --param ggc-min-expand=100 --param ggc-min-heapsize=131072
Compiler executable checksum: badfa565db16155a17a1c834f67f3849
COLLECT_GCC_OPTIONS='-march=znver2' '-D' '__CRAY_X86_ROME' '-D' '__CRAY_NVIDIA80' '-D' '__CRAYXT_COMPUTE_LINUX_TARGET' '-D' '__TARGET_LINUX__' '-v' '-o' 'CMakeFiles/cmTC_8e712.dir/CMakeCCompilerABI.c.o' '-c' '-I' '/opt/cray/pe/mpich/8.1.16/ofi/gnu/9.1/include' '-I' '/opt/cray/pe/pals/1.1.7/include' '-I' '/opt/cray/pe/pmi/6.1.2/include' '-I' '/opt/cray/pe/dsmml/0.2.2/dsmml//include' '-dumpdir' 'CMakeFiles/cmTC_8e712.dir/'
 as -v -I /opt/cray/pe/mpich/8.1.16/ofi/gnu/9.1/include -I /opt/cray/pe/pals/1.1.7/include -I /opt/cray/pe/pmi/6.1.2/include -I /opt/cray/pe/dsmml/0.2.2/dsmml//include --64 -o CMakeFiles/cmTC_8e712.dir/CMakeCCompilerABI.c.o /var/tmp/pbs.361596.polaris-pbs-01.hsn.cm.polaris.alcf.anl.gov/ccSyv5QT.s
GNU assembler version 2.35.1 (x86_64-suse-linux) using BFD version (GNU Binutils; SUSE Linux Enterprise 15) 2.35.1.20201123-7.18
COMPILER_PATH=/opt/cray/pe/gcc/11.2.0/snos/libexec/gcc/x86_64-suse-linux/11.2.0/:/opt/cray/pe/gcc/11.2.0/snos/libexec/gcc/x86_64-suse-linux/11.2.0/:/opt/cray/pe/gcc/11.2.0/snos/libexec/gcc/x86_64-suse-linux/:/opt/cray/pe/gcc/11.2.0/snos/lib/gcc/x86_64-suse-linux/11.2.0/:/opt/cray/pe/gcc/11.2.0/snos/lib/gcc/x86_64-suse-linux/
LIBRARY_PATH=/opt/cray/pe/gcc/11.2.0/snos/lib/gcc/x86_64-suse-linux/11.2.0/:/opt/cray/pe/gcc/11.2.0/snos/lib/gcc/x86_64-suse-linux/11.2.0/../../../../lib64/:/lib/../lib64/:/usr/lib/../lib64/:/opt/cray/pe/gcc/11.2.0/snos/lib/gcc/x86_64-suse-linux/11.2.0/../../../:/lib/:/usr/lib/
COLLECT_GCC_OPTIONS='-march=znver2' '-D' '__CRAY_X86_ROME' '-D' '__CRAY_NVIDIA80' '-D' '__CRAYXT_COMPUTE_LINUX_TARGET' '-D' '__TARGET_LINUX__' '-v' '-o' 'CMakeFiles/cmTC_8e712.dir/CMakeCCompilerABI.c.o' '-c' '-I' '/opt/cray/pe/mpich/8.1.16/ofi/gnu/9.1/include' '-I' '/opt/cray/pe/pals/1.1.7/include' '-I' '/opt/cray/pe/pmi/6.1.2/include' '-I' '/opt/cray/pe/dsmml/0.2.2/dsmml//include' '-dumpdir' 'CMakeFiles/cmTC_8e712.dir/CMakeCCompilerABI.c.'
Linking C executable cmTC_8e712
/soft/datascience/conda/2022-09-08/mconda3/bin/cmake -E cmake_link_script CMakeFiles/cmTC_8e712.dir/link.txt --verbose=1
/opt/cray/pe/craype/2.7.15/bin/cc  -v CMakeFiles/cmTC_8e712.dir/CMakeCCompilerABI.c.o -o cmTC_8e712 
Using built-in specs.
COLLECT_GCC=/opt/cray/pe/gcc/11.2.0/bin/../snos/bin/gcc
COLLECT_LTO_WRAPPER=/opt/cray/pe/gcc/11.2.0/snos/libexec/gcc/x86_64-suse-linux/11.2.0/lto-wrapper
Target: x86_64-suse-linux
Configured with: ../cpe-gcc-11.2.0-202108140355.9bf1fd589a5c1/configure --prefix=/opt/cray/pe/gcc/11.2.0/snos --disable-nls --libdir=/opt/cray/pe/gcc/11.2.0/snos/lib --enable-languages=c,c++,fortran --with-gxx-include-dir=/opt/cray/pe/gcc/11.2.0/snos/include/g++ --with-slibdir=/opt/cray/pe/gcc/11.2.0/snos/lib --with-system-zlib --enable-shared --enable-__cxa_atexit --build=x86_64-suse-linux --with-ppl --with-cloog --disable-multilib
Thread model: posix
Supported LTO compression algorithms: zlib
gcc version 11.2.0 20210728 (Cray Inc.) (GCC) 
COMPILER_PATH=/opt/cray/pe/gcc/11.2.0/snos/libexec/gcc/x86_64-suse-linux/11.2.0/:/opt/cray/pe/gcc/11.2.0/snos/libexec/gcc/x86_64-suse-linux/11.2.0/:/opt/cray/pe/gcc/11.2.0/snos/libexec/gcc/x86_64-suse-linux/:/opt/cray/pe/gcc/11.2.0/snos/lib/gcc/x86_64-suse-linux/11.2.0/:/opt/cray/pe/gcc/11.2.0/snos/lib/gcc/x86_64-suse-linux/
LIBRARY_PATH=/opt/cray/pe/gcc/11.2.0/snos/lib/gcc/x86_64-suse-linux/11.2.0/:/opt/cray/pe/gcc/11.2.0/snos/lib/gcc/x86_64-suse-linux/11.2.0/../../../../lib64/:/lib/../lib64/:/usr/lib/../lib64/:/opt/cray/pe/gcc/11.2.0/snos/lib/gcc/x86_64-suse-linux/11.2.0/../../../:/lib/:/usr/lib/
COLLECT_GCC_OPTIONS='-march=znver2' '-D' '__CRAY_X86_ROME' '-D' '__CRAY_NVIDIA80' '-D' '__CRAYXT_COMPUTE_LINUX_TARGET' '-D' '__TARGET_LINUX__' '-v' '-o' 'cmTC_8e712' '-I' '/opt/cray/pe/mpich/8.1.16/ofi/gnu/9.1/include' '-I' '/opt/cray/pe/pals/1.1.7/include' '-I' '/opt/cray/pe/pmi/6.1.2/include' '-I' '/opt/cray/pe/dsmml/0.2.2/dsmml//include' '-L/opt/cray/pe/mpich/8.1.16/ofi/gnu/9.1/lib' '-L/opt/cray/pe/mpich/8.1.16/gtl/lib' '-L/opt/cray/pe/pals/1.1.7/lib' '-L/opt/cray/pe/pmi/6.1.2/lib' '-L/opt/cray/pe/dsmml/0.2.2/dsmml//lib' '-dumpdir' 'cmTC_8e712.'
 /opt/cray/pe/gcc/11.2.0/snos/libexec/gcc/x86_64-suse-linux/11.2.0/collect2 -plugin /opt/cray/pe/gcc/11.2.0/snos/libexec/gcc/x86_64-suse-linux/11.2.0/liblto_plugin.so -plugin-opt=/opt/cray/pe/gcc/11.2.0/snos/libexec/gcc/x86_64-suse-linux/11.2.0/lto-wrapper -plugin-opt=-fresolution=/var/tmp/pbs.361596.polaris-pbs-01.hsn.cm.polaris.alcf.anl.gov/cc0SgOAR.res -plugin-opt=-pass-through=-lgcc -plugin-opt=-pass-through=-lgcc_s -plugin-opt=-pass-through=-lc -plugin-opt=-pass-through=-lgcc -plugin-opt=-pass-through=-lgcc_s --eh-frame-hdr -m elf_x86_64 -dynamic-linker /lib64/ld-linux-x86-64.so.2 -o cmTC_8e712 /usr/lib/../lib64/crt1.o /usr/lib/../lib64/crti.o /opt/cray/pe/gcc/11.2.0/snos/lib/gcc/x86_64-suse-linux/11.2.0/crtbegin.o -L/opt/cray/pe/mpich/8.1.16/ofi/gnu/9.1/lib -L/opt/cray/pe/mpich/8.1.16/gtl/lib -L/opt/cray/pe/pals/1.1.7/lib -L/opt/cray/pe/pmi/6.1.2/lib -L/opt/cray/pe/dsmml/0.2.2/dsmml//lib -L/opt/cray/pe/gcc/11.2.0/snos/lib/gcc/x86_64-suse-linux/11.2.0 -L/opt/cray/pe/gcc/11.2.0/snos/lib/gcc/x86_64-suse-linux/11.2.0/../../../../lib64 -L/lib/../lib64 -L/usr/lib/../lib64 -L/opt/cray/pe/gcc/11.2.0/snos/lib/gcc/x86_64-suse-linux/11.2.0/../../.. CMakeFiles/cmTC_8e712.dir/CMakeCCompilerABI.c.o -rpath=/opt/cray/pe/gcc-libs -Bdynamic --as-needed -lpals --no-as-needed --as-needed -lpmi --no-as-needed --as-needed -lpmi2 --no-as-needed --as-needed -lmpi_gnu_91 --no-as-needed -lmpi_gtl_cuda --as-needed -ldsmml --no-as-needed --as-needed -lgfortran -lquadmath --no-as-needed --as-needed -lmvec --no-as-needed --as-needed -lm --no-as-needed --as-needed -lpthread --no-as-needed --disable-new-dtags -lgcc --push-state --as-needed -lgcc_s --pop-state -lc -lgcc --push-state --as-needed -lgcc_s --pop-state /opt/cray/pe/gcc/11.2.0/snos/lib/gcc/x86_64-suse-linux/11.2.0/crtend.o /usr/lib/../lib64/crtn.o
COLLECT_GCC_OPTIONS='-march=znver2' '-D' '__CRAY_X86_ROME' '-D' '__CRAY_NVIDIA80' '-D' '__CRAYXT_COMPUTE_LINUX_TARGET' '-D' '__TARGET_LINUX__' '-v' '-o' 'cmTC_8e712' '-I' '/opt/cray/pe/mpich/8.1.16/ofi/gnu/9.1/include' '-I' '/opt/cray/pe/pals/1.1.7/include' '-I' '/opt/cray/pe/pmi/6.1.2/include' '-I' '/opt/cray/pe/dsmml/0.2.2/dsmml//include' '-L/opt/cray/pe/mpich/8.1.16/ofi/gnu/9.1/lib' '-L/opt/cray/pe/mpich/8.1.16/gtl/lib' '-L/opt/cray/pe/pals/1.1.7/lib' '-L/opt/cray/pe/pmi/6.1.2/lib' '-L/opt/cray/pe/dsmml/0.2.2/dsmml//lib' '-dumpdir' 'cmTC_8e712.'
gmake[1]: Leaving directory '/lus/grand/projects/SEEr-Polaris/Polaris-Miniapps/miniapp_B/app_build/CMakeFiles/CMakeTmp'



Parsed C implicit include dir info from above output: rv=done
  found start of include info
  found start of implicit include info
    add: [/opt/cray/pe/mpich/8.1.16/ofi/gnu/9.1/include]
    add: [/opt/cray/pe/pals/1.1.7/include]
    add: [/opt/cray/pe/pmi/6.1.2/include]
    add: [/opt/cray/pe/dsmml/0.2.2/dsmml//include]
    add: [/opt/cray/pe/gcc/11.2.0/snos/lib/gcc/x86_64-suse-linux/11.2.0/include]
    add: [/usr/local/include]
    add: [/opt/cray/pe/gcc/11.2.0/snos/include]
    add: [/opt/cray/pe/gcc/11.2.0/snos/lib/gcc/x86_64-suse-linux/11.2.0/include-fixed]
    add: [/usr/include]
  end of search list found
  collapse include dir [/opt/cray/pe/mpich/8.1.16/ofi/gnu/9.1/include] ==> [/opt/cray/pe/mpich/8.1.16/ofi/gnu/9.1/include]
  collapse include dir [/opt/cray/pe/pals/1.1.7/include] ==> [/opt/cray/pe/pals/1.1.7/include]
  collapse include dir [/opt/cray/pe/pmi/6.1.2/include] ==> [/opt/cray/pe/pmi/6.1.2/include]
  collapse include dir [/opt/cray/pe/dsmml/0.2.2/dsmml//include] ==> [/opt/cray/pe/dsmml/0.2.2/dsmml/include]
  collapse include dir [/opt/cray/pe/gcc/11.2.0/snos/lib/gcc/x86_64-suse-linux/11.2.0/include] ==> [/opt/cray/pe/gcc/11.2.0/snos/lib/gcc/x86_64-suse-linux/11.2.0/include]
  collapse include dir [/usr/local/include] ==> [/usr/local/include]
  collapse include dir [/opt/cray/pe/gcc/11.2.0/snos/include] ==> [/opt/cray/pe/gcc/11.2.0/snos/include]
  collapse include dir [/opt/cray/pe/gcc/11.2.0/snos/lib/gcc/x86_64-suse-linux/11.2.0/include-fixed] ==> [/opt/cray/pe/gcc/11.2.0/snos/lib/gcc/x86_64-suse-linux/11.2.0/include-fixed]
  collapse include dir [/usr/include] ==> [/usr/include]
  implicit include dirs: [/opt/cray/pe/mpich/8.1.16/ofi/gnu/9.1/include;/opt/cray/pe/pals/1.1.7/include;/opt/cray/pe/pmi/6.1.2/include;/opt/cray/pe/dsmml/0.2.2/dsmml/include;/opt/cray/pe/gcc/11.2.0/snos/lib/gcc/x86_64-suse-linux/11.2.0/include;/usr/local/include;/opt/cray/pe/gcc/11.2.0/snos/include;/opt/cray/pe/gcc/11.2.0/snos/lib/gcc/x86_64-suse-linux/11.2.0/include-fixed;/usr/include]


Parsed C implicit link information from above output:
  link line regex: [^( *|.*[/\])(ld|CMAKE_LINK_STARTFILE-NOTFOUND|([^/\]+-)?ld|collect2)[^/\]*( |$)]
  ignore line: [Change Dir: /lus/grand/projects/SEEr-Polaris/Polaris-Miniapps/miniapp_B/app_build/CMakeFiles/CMakeTmp]
  ignore line: []
  ignore line: [Run Build Command(s):/usr/bin/gmake -f Makefile cmTC_8e712/fast && /usr/bin/gmake  -f CMakeFiles/cmTC_8e712.dir/build.make CMakeFiles/cmTC_8e712.dir/build]
  ignore line: [gmake[1]: Entering directory '/lus/grand/projects/SEEr-Polaris/Polaris-Miniapps/miniapp_B/app_build/CMakeFiles/CMakeTmp']
  ignore line: [Building C object CMakeFiles/cmTC_8e712.dir/CMakeCCompilerABI.c.o]
  ignore line: [/opt/cray/pe/craype/2.7.15/bin/cc   -v -o CMakeFiles/cmTC_8e712.dir/CMakeCCompilerABI.c.o -c /soft/datascience/conda/2022-09-08/mconda3/share/cmake-3.22/Modules/CMakeCCompilerABI.c]
  ignore line: [Using built-in specs.]
  ignore line: [COLLECT_GCC=/opt/cray/pe/gcc/11.2.0/bin/../snos/bin/gcc]
  ignore line: [Target: x86_64-suse-linux]
  ignore line: [Configured with: ../cpe-gcc-11.2.0-202108140355.9bf1fd589a5c1/configure --prefix=/opt/cray/pe/gcc/11.2.0/snos --disable-nls --libdir=/opt/cray/pe/gcc/11.2.0/snos/lib --enable-languages=c c++ fortran --with-gxx-include-dir=/opt/cray/pe/gcc/11.2.0/snos/include/g++ --with-slibdir=/opt/cray/pe/gcc/11.2.0/snos/lib --with-system-zlib --enable-shared --enable-__cxa_atexit --build=x86_64-suse-linux --with-ppl --with-cloog --disable-multilib]
  ignore line: [Thread model: posix]
  ignore line: [Supported LTO compression algorithms: zlib]
  ignore line: [gcc version 11.2.0 20210728 (Cray Inc.) (GCC) ]
  ignore line: [COLLECT_GCC_OPTIONS='-march=znver2' '-D' '__CRAY_X86_ROME' '-D' '__CRAY_NVIDIA80' '-D' '__CRAYXT_COMPUTE_LINUX_TARGET' '-D' '__TARGET_LINUX__' '-v' '-o' 'CMakeFiles/cmTC_8e712.dir/CMakeCCompilerABI.c.o' '-c' '-I' '/opt/cray/pe/mpich/8.1.16/ofi/gnu/9.1/include' '-I' '/opt/cray/pe/pals/1.1.7/include' '-I' '/opt/cray/pe/pmi/6.1.2/include' '-I' '/opt/cray/pe/dsmml/0.2.2/dsmml//include' '-dumpdir' 'CMakeFiles/cmTC_8e712.dir/']
  ignore line: [ /opt/cray/pe/gcc/11.2.0/snos/libexec/gcc/x86_64-suse-linux/11.2.0/cc1 -quiet -v -I /opt/cray/pe/mpich/8.1.16/ofi/gnu/9.1/include -I /opt/cray/pe/pals/1.1.7/include -I /opt/cray/pe/pmi/6.1.2/include -I /opt/cray/pe/dsmml/0.2.2/dsmml//include -D __CRAY_X86_ROME -D __CRAY_NVIDIA80 -D __CRAYXT_COMPUTE_LINUX_TARGET -D __TARGET_LINUX__ /soft/datascience/conda/2022-09-08/mconda3/share/cmake-3.22/Modules/CMakeCCompilerABI.c -quiet -dumpdir CMakeFiles/cmTC_8e712.dir/ -dumpbase CMakeCCompilerABI.c.c -dumpbase-ext .c -march=znver2 -version -o /var/tmp/pbs.361596.polaris-pbs-01.hsn.cm.polaris.alcf.anl.gov/ccSyv5QT.s]
  ignore line: [GNU C17 (GCC) version 11.2.0 20210728 (Cray Inc.) (x86_64-suse-linux)]
  ignore line: [	compiled by GNU C version 11.2.0 20210728 (Cray Inc.)  GMP version 6.0.0  MPFR version 3.1.3  MPC version 1.0.3  isl version isl-0.15-GMP]
  ignore line: []
  ignore line: [GGC heuristics: --param ggc-min-expand=100 --param ggc-min-heapsize=131072]
  ignore line: [ignoring nonexistent directory "/opt/cray/pe/gcc/11.2.0/snos/lib/gcc/x86_64-suse-linux/11.2.0/../../../../x86_64-suse-linux/include"]
  ignore line: [#include "..." search starts here:]
  ignore line: [#include <...> search starts here:]
  ignore line: [ /opt/cray/pe/mpich/8.1.16/ofi/gnu/9.1/include]
  ignore line: [ /opt/cray/pe/pals/1.1.7/include]
  ignore line: [ /opt/cray/pe/pmi/6.1.2/include]
  ignore line: [ /opt/cray/pe/dsmml/0.2.2/dsmml//include]
  ignore line: [ /opt/cray/pe/gcc/11.2.0/snos/lib/gcc/x86_64-suse-linux/11.2.0/include]
  ignore line: [ /usr/local/include]
  ignore line: [ /opt/cray/pe/gcc/11.2.0/snos/include]
  ignore line: [ /opt/cray/pe/gcc/11.2.0/snos/lib/gcc/x86_64-suse-linux/11.2.0/include-fixed]
  ignore line: [ /usr/include]
  ignore line: [End of search list.]
  ignore line: [GNU C17 (GCC) version 11.2.0 20210728 (Cray Inc.) (x86_64-suse-linux)]
  ignore line: [	compiled by GNU C version 11.2.0 20210728 (Cray Inc.)  GMP version 6.0.0  MPFR version 3.1.3  MPC version 1.0.3  isl version isl-0.15-GMP]
  ignore line: []
  ignore line: [GGC heuristics: --param ggc-min-expand=100 --param ggc-min-heapsize=131072]
  ignore line: [Compiler executable checksum: badfa565db16155a17a1c834f67f3849]
  ignore line: [COLLECT_GCC_OPTIONS='-march=znver2' '-D' '__CRAY_X86_ROME' '-D' '__CRAY_NVIDIA80' '-D' '__CRAYXT_COMPUTE_LINUX_TARGET' '-D' '__TARGET_LINUX__' '-v' '-o' 'CMakeFiles/cmTC_8e712.dir/CMakeCCompilerABI.c.o' '-c' '-I' '/opt/cray/pe/mpich/8.1.16/ofi/gnu/9.1/include' '-I' '/opt/cray/pe/pals/1.1.7/include' '-I' '/opt/cray/pe/pmi/6.1.2/include' '-I' '/opt/cray/pe/dsmml/0.2.2/dsmml//include' '-dumpdir' 'CMakeFiles/cmTC_8e712.dir/']
  ignore line: [ as -v -I /opt/cray/pe/mpich/8.1.16/ofi/gnu/9.1/include -I /opt/cray/pe/pals/1.1.7/include -I /opt/cray/pe/pmi/6.1.2/include -I /opt/cray/pe/dsmml/0.2.2/dsmml//include --64 -o CMakeFiles/cmTC_8e712.dir/CMakeCCompilerABI.c.o /var/tmp/pbs.361596.polaris-pbs-01.hsn.cm.polaris.alcf.anl.gov/ccSyv5QT.s]
  ignore line: [GNU assembler version 2.35.1 (x86_64-suse-linux) using BFD version (GNU Binutils]
  ignore line: [ SUSE Linux Enterprise 15) 2.35.1.20201123-7.18]
  ignore line: [COMPILER_PATH=/opt/cray/pe/gcc/11.2.0/snos/libexec/gcc/x86_64-suse-linux/11.2.0/:/opt/cray/pe/gcc/11.2.0/snos/libexec/gcc/x86_64-suse-linux/11.2.0/:/opt/cray/pe/gcc/11.2.0/snos/libexec/gcc/x86_64-suse-linux/:/opt/cray/pe/gcc/11.2.0/snos/lib/gcc/x86_64-suse-linux/11.2.0/:/opt/cray/pe/gcc/11.2.0/snos/lib/gcc/x86_64-suse-linux/]
  ignore line: [LIBRARY_PATH=/opt/cray/pe/gcc/11.2.0/snos/lib/gcc/x86_64-suse-linux/11.2.0/:/opt/cray/pe/gcc/11.2.0/snos/lib/gcc/x86_64-suse-linux/11.2.0/../../../../lib64/:/lib/../lib64/:/usr/lib/../lib64/:/opt/cray/pe/gcc/11.2.0/snos/lib/gcc/x86_64-suse-linux/11.2.0/../../../:/lib/:/usr/lib/]
  ignore line: [COLLECT_GCC_OPTIONS='-march=znver2' '-D' '__CRAY_X86_ROME' '-D' '__CRAY_NVIDIA80' '-D' '__CRAYXT_COMPUTE_LINUX_TARGET' '-D' '__TARGET_LINUX__' '-v' '-o' 'CMakeFiles/cmTC_8e712.dir/CMakeCCompilerABI.c.o' '-c' '-I' '/opt/cray/pe/mpich/8.1.16/ofi/gnu/9.1/include' '-I' '/opt/cray/pe/pals/1.1.7/include' '-I' '/opt/cray/pe/pmi/6.1.2/include' '-I' '/opt/cray/pe/dsmml/0.2.2/dsmml//include' '-dumpdir' 'CMakeFiles/cmTC_8e712.dir/CMakeCCompilerABI.c.']
  ignore line: [Linking C executable cmTC_8e712]
  ignore line: [/soft/datascience/conda/2022-09-08/mconda3/bin/cmake -E cmake_link_script CMakeFiles/cmTC_8e712.dir/link.txt --verbose=1]
  ignore line: [/opt/cray/pe/craype/2.7.15/bin/cc  -v CMakeFiles/cmTC_8e712.dir/CMakeCCompilerABI.c.o -o cmTC_8e712 ]
  ignore line: [Using built-in specs.]
  ignore line: [COLLECT_GCC=/opt/cray/pe/gcc/11.2.0/bin/../snos/bin/gcc]
  ignore line: [COLLECT_LTO_WRAPPER=/opt/cray/pe/gcc/11.2.0/snos/libexec/gcc/x86_64-suse-linux/11.2.0/lto-wrapper]
  ignore line: [Target: x86_64-suse-linux]
  ignore line: [Configured with: ../cpe-gcc-11.2.0-202108140355.9bf1fd589a5c1/configure --prefix=/opt/cray/pe/gcc/11.2.0/snos --disable-nls --libdir=/opt/cray/pe/gcc/11.2.0/snos/lib --enable-languages=c c++ fortran --with-gxx-include-dir=/opt/cray/pe/gcc/11.2.0/snos/include/g++ --with-slibdir=/opt/cray/pe/gcc/11.2.0/snos/lib --with-system-zlib --enable-shared --enable-__cxa_atexit --build=x86_64-suse-linux --with-ppl --with-cloog --disable-multilib]
  ignore line: [Thread model: posix]
  ignore line: [Supported LTO compression algorithms: zlib]
  ignore line: [gcc version 11.2.0 20210728 (Cray Inc.) (GCC) ]
  ignore line: [COMPILER_PATH=/opt/cray/pe/gcc/11.2.0/snos/libexec/gcc/x86_64-suse-linux/11.2.0/:/opt/cray/pe/gcc/11.2.0/snos/libexec/gcc/x86_64-suse-linux/11.2.0/:/opt/cray/pe/gcc/11.2.0/snos/libexec/gcc/x86_64-suse-linux/:/opt/cray/pe/gcc/11.2.0/snos/lib/gcc/x86_64-suse-linux/11.2.0/:/opt/cray/pe/gcc/11.2.0/snos/lib/gcc/x86_64-suse-linux/]
  ignore line: [LIBRARY_PATH=/opt/cray/pe/gcc/11.2.0/snos/lib/gcc/x86_64-suse-linux/11.2.0/:/opt/cray/pe/gcc/11.2.0/snos/lib/gcc/x86_64-suse-linux/11.2.0/../../../../lib64/:/lib/../lib64/:/usr/lib/../lib64/:/opt/cray/pe/gcc/11.2.0/snos/lib/gcc/x86_64-suse-linux/11.2.0/../../../:/lib/:/usr/lib/]
  ignore line: [COLLECT_GCC_OPTIONS='-march=znver2' '-D' '__CRAY_X86_ROME' '-D' '__CRAY_NVIDIA80' '-D' '__CRAYXT_COMPUTE_LINUX_TARGET' '-D' '__TARGET_LINUX__' '-v' '-o' 'cmTC_8e712' '-I' '/opt/cray/pe/mpich/8.1.16/ofi/gnu/9.1/include' '-I' '/opt/cray/pe/pals/1.1.7/include' '-I' '/opt/cray/pe/pmi/6.1.2/include' '-I' '/opt/cray/pe/dsmml/0.2.2/dsmml//include' '-L/opt/cray/pe/mpich/8.1.16/ofi/gnu/9.1/lib' '-L/opt/cray/pe/mpich/8.1.16/gtl/lib' '-L/opt/cray/pe/pals/1.1.7/lib' '-L/opt/cray/pe/pmi/6.1.2/lib' '-L/opt/cray/pe/dsmml/0.2.2/dsmml//lib' '-dumpdir' 'cmTC_8e712.']
  link line: [ /opt/cray/pe/gcc/11.2.0/snos/libexec/gcc/x86_64-suse-linux/11.2.0/collect2 -plugin /opt/cray/pe/gcc/11.2.0/snos/libexec/gcc/x86_64-suse-linux/11.2.0/liblto_plugin.so -plugin-opt=/opt/cray/pe/gcc/11.2.0/snos/libexec/gcc/x86_64-suse-linux/11.2.0/lto-wrapper -plugin-opt=-fresolution=/var/tmp/pbs.361596.polaris-pbs-01.hsn.cm.polaris.alcf.anl.gov/cc0SgOAR.res -plugin-opt=-pass-through=-lgcc -plugin-opt=-pass-through=-lgcc_s -plugin-opt=-pass-through=-lc -plugin-opt=-pass-through=-lgcc -plugin-opt=-pass-through=-lgcc_s --eh-frame-hdr -m elf_x86_64 -dynamic-linker /lib64/ld-linux-x86-64.so.2 -o cmTC_8e712 /usr/lib/../lib64/crt1.o /usr/lib/../lib64/crti.o /opt/cray/pe/gcc/11.2.0/snos/lib/gcc/x86_64-suse-linux/11.2.0/crtbegin.o -L/opt/cray/pe/mpich/8.1.16/ofi/gnu/9.1/lib -L/opt/cray/pe/mpich/8.1.16/gtl/lib -L/opt/cray/pe/pals/1.1.7/lib -L/opt/cray/pe/pmi/6.1.2/lib -L/opt/cray/pe/dsmml/0.2.2/dsmml//lib -L/opt/cray/pe/gcc/11.2.0/snos/lib/gcc/x86_64-suse-linux/11.2.0 -L/opt/cray/pe/gcc/11.2.0/snos/lib/gcc/x86_64-suse-linux/11.2.0/../../../../lib64 -L/lib/../lib64 -L/usr/lib/../lib64 -L/opt/cray/pe/gcc/11.2.0/snos/lib/gcc/x86_64-suse-linux/11.2.0/../../.. CMakeFiles/cmTC_8e712.dir/CMakeCCompilerABI.c.o -rpath=/opt/cray/pe/gcc-libs -Bdynamic --as-needed -lpals --no-as-needed --as-needed -lpmi --no-as-needed --as-needed -lpmi2 --no-as-needed --as-needed -lmpi_gnu_91 --no-as-needed -lmpi_gtl_cuda --as-needed -ldsmml --no-as-needed --as-needed -lgfortran -lquadmath --no-as-needed --as-needed -lmvec --no-as-needed --as-needed -lm --no-as-needed --as-needed -lpthread --no-as-needed --disable-new-dtags -lgcc --push-state --as-needed -lgcc_s --pop-state -lc -lgcc --push-state --as-needed -lgcc_s --pop-state /opt/cray/pe/gcc/11.2.0/snos/lib/gcc/x86_64-suse-linux/11.2.0/crtend.o /usr/lib/../lib64/crtn.o]
    arg [/opt/cray/pe/gcc/11.2.0/snos/libexec/gcc/x86_64-suse-linux/11.2.0/collect2] ==> ignore
    arg [-plugin] ==> ignore
    arg [/opt/cray/pe/gcc/11.2.0/snos/libexec/gcc/x86_64-suse-linux/11.2.0/liblto_plugin.so] ==> ignore
    arg [-plugin-opt=/opt/cray/pe/gcc/11.2.0/snos/libexec/gcc/x86_64-suse-linux/11.2.0/lto-wrapper] ==> ignore
    arg [-plugin-opt=-fresolution=/var/tmp/pbs.361596.polaris-pbs-01.hsn.cm.polaris.alcf.anl.gov/cc0SgOAR.res] ==> ignore
    arg [-plugin-opt=-pass-through=-lgcc] ==> ignore
    arg [-plugin-opt=-pass-through=-lgcc_s] ==> ignore
    arg [-plugin-opt=-pass-through=-lc] ==> ignore
    arg [-plugin-opt=-pass-through=-lgcc] ==> ignore
    arg [-plugin-opt=-pass-through=-lgcc_s] ==> ignore
    arg [--eh-frame-hdr] ==> ignore
    arg [-m] ==> ignore
    arg [elf_x86_64] ==> ignore
    arg [-dynamic-linker] ==> ignore
    arg [/lib64/ld-linux-x86-64.so.2] ==> ignore
    arg [-o] ==> ignore
    arg [cmTC_8e712] ==> ignore
    arg [/usr/lib/../lib64/crt1.o] ==> obj [/usr/lib/../lib64/crt1.o]
    arg [/usr/lib/../lib64/crti.o] ==> obj [/usr/lib/../lib64/crti.o]
    arg [/opt/cray/pe/gcc/11.2.0/snos/lib/gcc/x86_64-suse-linux/11.2.0/crtbegin.o] ==> obj [/opt/cray/pe/gcc/11.2.0/snos/lib/gcc/x86_64-suse-linux/11.2.0/crtbegin.o]
    arg [-L/opt/cray/pe/mpich/8.1.16/ofi/gnu/9.1/lib] ==> dir [/opt/cray/pe/mpich/8.1.16/ofi/gnu/9.1/lib]
    arg [-L/opt/cray/pe/mpich/8.1.16/gtl/lib] ==> dir [/opt/cray/pe/mpich/8.1.16/gtl/lib]
    arg [-L/opt/cray/pe/pals/1.1.7/lib] ==> dir [/opt/cray/pe/pals/1.1.7/lib]
    arg [-L/opt/cray/pe/pmi/6.1.2/lib] ==> dir [/opt/cray/pe/pmi/6.1.2/lib]
    arg [-L/opt/cray/pe/dsmml/0.2.2/dsmml//lib] ==> dir [/opt/cray/pe/dsmml/0.2.2/dsmml//lib]
    arg [-L/opt/cray/pe/gcc/11.2.0/snos/lib/gcc/x86_64-suse-linux/11.2.0] ==> dir [/opt/cray/pe/gcc/11.2.0/snos/lib/gcc/x86_64-suse-linux/11.2.0]
    arg [-L/opt/cray/pe/gcc/11.2.0/snos/lib/gcc/x86_64-suse-linux/11.2.0/../../../../lib64] ==> dir [/opt/cray/pe/gcc/11.2.0/snos/lib/gcc/x86_64-suse-linux/11.2.0/../../../../lib64]
    arg [-L/lib/../lib64] ==> dir [/lib/../lib64]
    arg [-L/usr/lib/../lib64] ==> dir [/usr/lib/../lib64]
    arg [-L/opt/cray/pe/gcc/11.2.0/snos/lib/gcc/x86_64-suse-linux/11.2.0/../../..] ==> dir [/opt/cray/pe/gcc/11.2.0/snos/lib/gcc/x86_64-suse-linux/11.2.0/../../..]
    arg [CMakeFiles/cmTC_8e712.dir/CMakeCCompilerABI.c.o] ==> ignore
    arg [-rpath=/opt/cray/pe/gcc-libs] ==> ignore
    arg [-Bdynamic] ==> search dynamic
    arg [--as-needed] ==> ignore
    arg [-lpals] ==> lib [pals]
    arg [--no-as-needed] ==> ignore
    arg [--as-needed] ==> ignore
    arg [-lpmi] ==> lib [pmi]
    arg [--no-as-needed] ==> ignore
    arg [--as-needed] ==> ignore
    arg [-lpmi2] ==> lib [pmi2]
    arg [--no-as-needed] ==> ignore
    arg [--as-needed] ==> ignore
    arg [-lmpi_gnu_91] ==> lib [mpi_gnu_91]
    arg [--no-as-needed] ==> ignore
    arg [-lmpi_gtl_cuda] ==> lib [mpi_gtl_cuda]
    arg [--as-needed] ==> ignore
    arg [-ldsmml] ==> lib [dsmml]
    arg [--no-as-needed] ==> ignore
    arg [--as-needed] ==> ignore
    arg [-lgfortran] ==> lib [gfortran]
    arg [-lquadmath] ==> lib [quadmath]
    arg [--no-as-needed] ==> ignore
    arg [--as-needed] ==> ignore
    arg [-lmvec] ==> lib [mvec]
    arg [--no-as-needed] ==> ignore
    arg [--as-needed] ==> ignore
    arg [-lm] ==> lib [m]
    arg [--no-as-needed] ==> ignore
    arg [--as-needed] ==> ignore
    arg [-lpthread] ==> lib [pthread]
    arg [--no-as-needed] ==> ignore
    arg [--disable-new-dtags] ==> ignore
    arg [-lgcc] ==> lib [gcc]
    arg [--push-state] ==> ignore
    arg [--as-needed] ==> ignore
    arg [-lgcc_s] ==> lib [gcc_s]
    arg [--pop-state] ==> ignore
    arg [-lc] ==> lib [c]
    arg [-lgcc] ==> lib [gcc]
    arg [--push-state] ==> ignore
    arg [--as-needed] ==> ignore
    arg [-lgcc_s] ==> lib [gcc_s]
    arg [--pop-state] ==> ignore
    arg [/opt/cray/pe/gcc/11.2.0/snos/lib/gcc/x86_64-suse-linux/11.2.0/crtend.o] ==> obj [/opt/cray/pe/gcc/11.2.0/snos/lib/gcc/x86_64-suse-linux/11.2.0/crtend.o]
    arg [/usr/lib/../lib64/crtn.o] ==> obj [/usr/lib/../lib64/crtn.o]
  collapse obj [/usr/lib/../lib64/crt1.o] ==> [/usr/lib64/crt1.o]
  collapse obj [/usr/lib/../lib64/crti.o] ==> [/usr/lib64/crti.o]
  collapse obj [/usr/lib/../lib64/crtn.o] ==> [/usr/lib64/crtn.o]
  collapse library dir [/opt/cray/pe/mpich/8.1.16/ofi/gnu/9.1/lib] ==> [/opt/cray/pe/mpich/8.1.16/ofi/gnu/9.1/lib]
  collapse library dir [/opt/cray/pe/mpich/8.1.16/gtl/lib] ==> [/opt/cray/pe/mpich/8.1.16/gtl/lib]
  collapse library dir [/opt/cray/pe/pals/1.1.7/lib] ==> [/opt/cray/pe/pals/1.1.7/lib]
  collapse library dir [/opt/cray/pe/pmi/6.1.2/lib] ==> [/opt/cray/pe/pmi/6.1.2/lib]
  collapse library dir [/opt/cray/pe/dsmml/0.2.2/dsmml//lib] ==> [/opt/cray/pe/dsmml/0.2.2/dsmml/lib]
  collapse library dir [/opt/cray/pe/gcc/11.2.0/snos/lib/gcc/x86_64-suse-linux/11.2.0] ==> [/opt/cray/pe/gcc/11.2.0/snos/lib/gcc/x86_64-suse-linux/11.2.0]
  collapse library dir [/opt/cray/pe/gcc/11.2.0/snos/lib/gcc/x86_64-suse-linux/11.2.0/../../../../lib64] ==> [/opt/cray/pe/gcc/11.2.0/snos/lib64]
  collapse library dir [/lib/../lib64] ==> [/lib64]
  collapse library dir [/usr/lib/../lib64] ==> [/usr/lib64]
  collapse library dir [/opt/cray/pe/gcc/11.2.0/snos/lib/gcc/x86_64-suse-linux/11.2.0/../../..] ==> [/opt/cray/pe/gcc/11.2.0/snos/lib]
  implicit libs: [pals;pmi;pmi2;mpi_gnu_91;mpi_gtl_cuda;dsmml;gfortran;quadmath;mvec;m;pthread;gcc;gcc_s;c;gcc;gcc_s]
  implicit objs: [/usr/lib64/crt1.o;/usr/lib64/crti.o;/opt/cray/pe/gcc/11.2.0/snos/lib/gcc/x86_64-suse-linux/11.2.0/crtbegin.o;/opt/cray/pe/gcc/11.2.0/snos/lib/gcc/x86_64-suse-linux/11.2.0/crtend.o;/usr/lib64/crtn.o]
  implicit dirs: [/opt/cray/pe/mpich/8.1.16/ofi/gnu/9.1/lib;/opt/cray/pe/mpich/8.1.16/gtl/lib;/opt/cray/pe/pals/1.1.7/lib;/opt/cray/pe/pmi/6.1.2/lib;/opt/cray/pe/dsmml/0.2.2/dsmml/lib;/opt/cray/pe/gcc/11.2.0/snos/lib/gcc/x86_64-suse-linux/11.2.0;/opt/cray/pe/gcc/11.2.0/snos/lib64;/lib64;/usr/lib64;/opt/cray/pe/gcc/11.2.0/snos/lib]
  implicit fwks: []


Detecting CXX compiler ABI info compiled with the following output:
Change Dir: /lus/grand/projects/SEEr-Polaris/Polaris-Miniapps/miniapp_B/app_build/CMakeFiles/CMakeTmp

Run Build Command(s):/usr/bin/gmake -f Makefile cmTC_3feb4/fast && /usr/bin/gmake  -f CMakeFiles/cmTC_3feb4.dir/build.make CMakeFiles/cmTC_3feb4.dir/build
gmake[1]: Entering directory '/lus/grand/projects/SEEr-Polaris/Polaris-Miniapps/miniapp_B/app_build/CMakeFiles/CMakeTmp'
Building CXX object CMakeFiles/cmTC_3feb4.dir/CMakeCXXCompilerABI.cpp.o
/opt/cray/pe/craype/2.7.15/bin/CC   -v -o CMakeFiles/cmTC_3feb4.dir/CMakeCXXCompilerABI.cpp.o -c /soft/datascience/conda/2022-09-08/mconda3/share/cmake-3.22/Modules/CMakeCXXCompilerABI.cpp
Using built-in specs.
COLLECT_GCC=/opt/cray/pe/gcc/11.2.0/bin/../snos/bin/g++
Target: x86_64-suse-linux
Configured with: ../cpe-gcc-11.2.0-202108140355.9bf1fd589a5c1/configure --prefix=/opt/cray/pe/gcc/11.2.0/snos --disable-nls --libdir=/opt/cray/pe/gcc/11.2.0/snos/lib --enable-languages=c,c++,fortran --with-gxx-include-dir=/opt/cray/pe/gcc/11.2.0/snos/include/g++ --with-slibdir=/opt/cray/pe/gcc/11.2.0/snos/lib --with-system-zlib --enable-shared --enable-__cxa_atexit --build=x86_64-suse-linux --with-ppl --with-cloog --disable-multilib
Thread model: posix
Supported LTO compression algorithms: zlib
gcc version 11.2.0 20210728 (Cray Inc.) (GCC) 
COLLECT_GCC_OPTIONS='-march=znver2' '-D' '__CRAY_X86_ROME' '-D' '__CRAY_NVIDIA80' '-D' '__CRAYXT_COMPUTE_LINUX_TARGET' '-D' '__TARGET_LINUX__' '-v' '-o' 'CMakeFiles/cmTC_3feb4.dir/CMakeCXXCompilerABI.cpp.o' '-c' '-I' '/opt/cray/pe/mpich/8.1.16/ofi/gnu/9.1/include' '-I' '/opt/cray/pe/pals/1.1.7/include' '-I' '/opt/cray/pe/pmi/6.1.2/include' '-I' '/opt/cray/pe/dsmml/0.2.2/dsmml//include' '-shared-libgcc' '-dumpdir' 'CMakeFiles/cmTC_3feb4.dir/'
 /opt/cray/pe/gcc/11.2.0/snos/libexec/gcc/x86_64-suse-linux/11.2.0/cc1plus -quiet -v -I /opt/cray/pe/mpich/8.1.16/ofi/gnu/9.1/include -I /opt/cray/pe/pals/1.1.7/include -I /opt/cray/pe/pmi/6.1.2/include -I /opt/cray/pe/dsmml/0.2.2/dsmml//include -D_GNU_SOURCE -D __CRAY_X86_ROME -D __CRAY_NVIDIA80 -D __CRAYXT_COMPUTE_LINUX_TARGET -D __TARGET_LINUX__ /soft/datascience/conda/2022-09-08/mconda3/share/cmake-3.22/Modules/CMakeCXXCompilerABI.cpp -quiet -dumpdir CMakeFiles/cmTC_3feb4.dir/ -dumpbase CMakeCXXCompilerABI.cpp.cpp -dumpbase-ext .cpp -march=znver2 -version -o /var/tmp/pbs.361596.polaris-pbs-01.hsn.cm.polaris.alcf.anl.gov/ccZn22FX.s
GNU C++17 (GCC) version 11.2.0 20210728 (Cray Inc.) (x86_64-suse-linux)
	compiled by GNU C version 11.2.0 20210728 (Cray Inc.), GMP version 6.0.0, MPFR version 3.1.3, MPC version 1.0.3, isl version isl-0.15-GMP

GGC heuristics: --param ggc-min-expand=100 --param ggc-min-heapsize=131072
ignoring nonexistent directory "/opt/cray/pe/gcc/11.2.0/snos/lib/gcc/x86_64-suse-linux/11.2.0/../../../../x86_64-suse-linux/include"
#include "..." search starts here:
#include <...> search starts here:
 /opt/cray/pe/mpich/8.1.16/ofi/gnu/9.1/include
 /opt/cray/pe/pals/1.1.7/include
 /opt/cray/pe/pmi/6.1.2/include
 /opt/cray/pe/dsmml/0.2.2/dsmml//include
 /opt/cray/pe/gcc/11.2.0/snos/include/g++
 /opt/cray/pe/gcc/11.2.0/snos/include/g++/x86_64-suse-linux
 /opt/cray/pe/gcc/11.2.0/snos/include/g++/backward
 /opt/cray/pe/gcc/11.2.0/snos/lib/gcc/x86_64-suse-linux/11.2.0/include
 /usr/local/include
 /opt/cray/pe/gcc/11.2.0/snos/include
 /opt/cray/pe/gcc/11.2.0/snos/lib/gcc/x86_64-suse-linux/11.2.0/include-fixed
 /usr/include
End of search list.
GNU C++17 (GCC) version 11.2.0 20210728 (Cray Inc.) (x86_64-suse-linux)
	compiled by GNU C version 11.2.0 20210728 (Cray Inc.), GMP version 6.0.0, MPFR version 3.1.3, MPC version 1.0.3, isl version isl-0.15-GMP

GGC heuristics: --param ggc-min-expand=100 --param ggc-min-heapsize=131072
Compiler executable checksum: 3d4a383112e4401915c216e400980bff
COLLECT_GCC_OPTIONS='-march=znver2' '-D' '__CRAY_X86_ROME' '-D' '__CRAY_NVIDIA80' '-D' '__CRAYXT_COMPUTE_LINUX_TARGET' '-D' '__TARGET_LINUX__' '-v' '-o' 'CMakeFiles/cmTC_3feb4.dir/CMakeCXXCompilerABI.cpp.o' '-c' '-I' '/opt/cray/pe/mpich/8.1.16/ofi/gnu/9.1/include' '-I' '/opt/cray/pe/pals/1.1.7/include' '-I' '/opt/cray/pe/pmi/6.1.2/include' '-I' '/opt/cray/pe/dsmml/0.2.2/dsmml//include' '-shared-libgcc' '-dumpdir' 'CMakeFiles/cmTC_3feb4.dir/'
 as -v -I /opt/cray/pe/mpich/8.1.16/ofi/gnu/9.1/include -I /opt/cray/pe/pals/1.1.7/include -I /opt/cray/pe/pmi/6.1.2/include -I /opt/cray/pe/dsmml/0.2.2/dsmml//include --64 -o CMakeFiles/cmTC_3feb4.dir/CMakeCXXCompilerABI.cpp.o /var/tmp/pbs.361596.polaris-pbs-01.hsn.cm.polaris.alcf.anl.gov/ccZn22FX.s
GNU assembler version 2.35.1 (x86_64-suse-linux) using BFD version (GNU Binutils; SUSE Linux Enterprise 15) 2.35.1.20201123-7.18
COMPILER_PATH=/opt/cray/pe/gcc/11.2.0/snos/libexec/gcc/x86_64-suse-linux/11.2.0/:/opt/cray/pe/gcc/11.2.0/snos/libexec/gcc/x86_64-suse-linux/11.2.0/:/opt/cray/pe/gcc/11.2.0/snos/libexec/gcc/x86_64-suse-linux/:/opt/cray/pe/gcc/11.2.0/snos/lib/gcc/x86_64-suse-linux/11.2.0/:/opt/cray/pe/gcc/11.2.0/snos/lib/gcc/x86_64-suse-linux/
LIBRARY_PATH=/opt/cray/pe/gcc/11.2.0/snos/lib/gcc/x86_64-suse-linux/11.2.0/:/opt/cray/pe/gcc/11.2.0/snos/lib/gcc/x86_64-suse-linux/11.2.0/../../../../lib64/:/lib/../lib64/:/usr/lib/../lib64/:/opt/cray/pe/gcc/11.2.0/snos/lib/gcc/x86_64-suse-linux/11.2.0/../../../:/lib/:/usr/lib/
COLLECT_GCC_OPTIONS='-march=znver2' '-D' '__CRAY_X86_ROME' '-D' '__CRAY_NVIDIA80' '-D' '__CRAYXT_COMPUTE_LINUX_TARGET' '-D' '__TARGET_LINUX__' '-v' '-o' 'CMakeFiles/cmTC_3feb4.dir/CMakeCXXCompilerABI.cpp.o' '-c' '-I' '/opt/cray/pe/mpich/8.1.16/ofi/gnu/9.1/include' '-I' '/opt/cray/pe/pals/1.1.7/include' '-I' '/opt/cray/pe/pmi/6.1.2/include' '-I' '/opt/cray/pe/dsmml/0.2.2/dsmml//include' '-shared-libgcc' '-dumpdir' 'CMakeFiles/cmTC_3feb4.dir/CMakeCXXCompilerABI.cpp.'
Linking CXX executable cmTC_3feb4
/soft/datascience/conda/2022-09-08/mconda3/bin/cmake -E cmake_link_script CMakeFiles/cmTC_3feb4.dir/link.txt --verbose=1
/opt/cray/pe/craype/2.7.15/bin/CC  -v CMakeFiles/cmTC_3feb4.dir/CMakeCXXCompilerABI.cpp.o -o cmTC_3feb4 
Using built-in specs.
COLLECT_GCC=/opt/cray/pe/gcc/11.2.0/bin/../snos/bin/g++
COLLECT_LTO_WRAPPER=/opt/cray/pe/gcc/11.2.0/snos/libexec/gcc/x86_64-suse-linux/11.2.0/lto-wrapper
Target: x86_64-suse-linux
Configured with: ../cpe-gcc-11.2.0-202108140355.9bf1fd589a5c1/configure --prefix=/opt/cray/pe/gcc/11.2.0/snos --disable-nls --libdir=/opt/cray/pe/gcc/11.2.0/snos/lib --enable-languages=c,c++,fortran --with-gxx-include-dir=/opt/cray/pe/gcc/11.2.0/snos/include/g++ --with-slibdir=/opt/cray/pe/gcc/11.2.0/snos/lib --with-system-zlib --enable-shared --enable-__cxa_atexit --build=x86_64-suse-linux --with-ppl --with-cloog --disable-multilib
Thread model: posix
Supported LTO compression algorithms: zlib
gcc version 11.2.0 20210728 (Cray Inc.) (GCC) 
COMPILER_PATH=/opt/cray/pe/gcc/11.2.0/snos/libexec/gcc/x86_64-suse-linux/11.2.0/:/opt/cray/pe/gcc/11.2.0/snos/libexec/gcc/x86_64-suse-linux/11.2.0/:/opt/cray/pe/gcc/11.2.0/snos/libexec/gcc/x86_64-suse-linux/:/opt/cray/pe/gcc/11.2.0/snos/lib/gcc/x86_64-suse-linux/11.2.0/:/opt/cray/pe/gcc/11.2.0/snos/lib/gcc/x86_64-suse-linux/
LIBRARY_PATH=/opt/cray/pe/gcc/11.2.0/snos/lib/gcc/x86_64-suse-linux/11.2.0/:/opt/cray/pe/gcc/11.2.0/snos/lib/gcc/x86_64-suse-linux/11.2.0/../../../../lib64/:/lib/../lib64/:/usr/lib/../lib64/:/opt/cray/pe/gcc/11.2.0/snos/lib/gcc/x86_64-suse-linux/11.2.0/../../../:/lib/:/usr/lib/
COLLECT_GCC_OPTIONS='-march=znver2' '-D' '__CRAY_X86_ROME' '-D' '__CRAY_NVIDIA80' '-D' '__CRAYXT_COMPUTE_LINUX_TARGET' '-D' '__TARGET_LINUX__' '-v' '-o' 'cmTC_3feb4' '-I' '/opt/cray/pe/mpich/8.1.16/ofi/gnu/9.1/include' '-I' '/opt/cray/pe/pals/1.1.7/include' '-I' '/opt/cray/pe/pmi/6.1.2/include' '-I' '/opt/cray/pe/dsmml/0.2.2/dsmml//include' '-L/opt/cray/pe/mpich/8.1.16/ofi/gnu/9.1/lib' '-L/opt/cray/pe/mpich/8.1.16/gtl/lib' '-L/opt/cray/pe/pals/1.1.7/lib' '-L/opt/cray/pe/pmi/6.1.2/lib' '-L/opt/cray/pe/dsmml/0.2.2/dsmml//lib' '-shared-libgcc' '-dumpdir' 'cmTC_3feb4.'
 /opt/cray/pe/gcc/11.2.0/snos/libexec/gcc/x86_64-suse-linux/11.2.0/collect2 -plugin /opt/cray/pe/gcc/11.2.0/snos/libexec/gcc/x86_64-suse-linux/11.2.0/liblto_plugin.so -plugin-opt=/opt/cray/pe/gcc/11.2.0/snos/libexec/gcc/x86_64-suse-linux/11.2.0/lto-wrapper -plugin-opt=-fresolution=/var/tmp/pbs.361596.polaris-pbs-01.hsn.cm.polaris.alcf.anl.gov/ccYxKf4T.res -plugin-opt=-pass-through=-lgcc_s -plugin-opt=-pass-through=-lgcc -plugin-opt=-pass-through=-lc -plugin-opt=-pass-through=-lgcc_s -plugin-opt=-pass-through=-lgcc --eh-frame-hdr -m elf_x86_64 -dynamic-linker /lib64/ld-linux-x86-64.so.2 -o cmTC_3feb4 /usr/lib/../lib64/crt1.o /usr/lib/../lib64/crti.o /opt/cray/pe/gcc/11.2.0/snos/lib/gcc/x86_64-suse-linux/11.2.0/crtbegin.o -L/opt/cray/pe/mpich/8.1.16/ofi/gnu/9.1/lib -L/opt/cray/pe/mpich/8.1.16/gtl/lib -L/opt/cray/pe/pals/1.1.7/lib -L/opt/cray/pe/pmi/6.1.2/lib -L/opt/cray/pe/dsmml/0.2.2/dsmml//lib -L/opt/cray/pe/gcc/11.2.0/snos/lib/gcc/x86_64-suse-linux/11.2.0 -L/opt/cray/pe/gcc/11.2.0/snos/lib/gcc/x86_64-suse-linux/11.2.0/../../../../lib64 -L/lib/../lib64 -L/usr/lib/../lib64 -L/opt/cray/pe/gcc/11.2.0/snos/lib/gcc/x86_64-suse-linux/11.2.0/../../.. CMakeFiles/cmTC_3feb4.dir/CMakeCXXCompilerABI.cpp.o -rpath=/opt/cray/pe/gcc-libs -Bdynamic --as-needed -lpals --no-as-needed --as-needed -lpmi --no-as-needed --as-needed -lpmi2 --no-as-needed --as-needed -lmpi_gnu_91 --no-as-needed -lmpi_gtl_cuda --as-needed -ldsmml --no-as-needed --as-needed -lgfortran -lquadmath --no-as-needed --as-needed -lmvec --no-as-needed --as-needed -lm --no-as-needed --as-needed -lpthread --no-as-needed --disable-new-dtags -lstdc++ -lm -lgcc_s -lgcc -lc -lgcc_s -lgcc /opt/cray/pe/gcc/11.2.0/snos/lib/gcc/x86_64-suse-linux/11.2.0/crtend.o /usr/lib/../lib64/crtn.o
COLLECT_GCC_OPTIONS='-march=znver2' '-D' '__CRAY_X86_ROME' '-D' '__CRAY_NVIDIA80' '-D' '__CRAYXT_COMPUTE_LINUX_TARGET' '-D' '__TARGET_LINUX__' '-v' '-o' 'cmTC_3feb4' '-I' '/opt/cray/pe/mpich/8.1.16/ofi/gnu/9.1/include' '-I' '/opt/cray/pe/pals/1.1.7/include' '-I' '/opt/cray/pe/pmi/6.1.2/include' '-I' '/opt/cray/pe/dsmml/0.2.2/dsmml//include' '-L/opt/cray/pe/mpich/8.1.16/ofi/gnu/9.1/lib' '-L/opt/cray/pe/mpich/8.1.16/gtl/lib' '-L/opt/cray/pe/pals/1.1.7/lib' '-L/opt/cray/pe/pmi/6.1.2/lib' '-L/opt/cray/pe/dsmml/0.2.2/dsmml//lib' '-shared-libgcc' '-dumpdir' 'cmTC_3feb4.'
gmake[1]: Leaving directory '/lus/grand/projects/SEEr-Polaris/Polaris-Miniapps/miniapp_B/app_build/CMakeFiles/CMakeTmp'



Parsed CXX implicit include dir info from above output: rv=done
  found start of include info
  found start of implicit include info
    add: [/opt/cray/pe/mpich/8.1.16/ofi/gnu/9.1/include]
    add: [/opt/cray/pe/pals/1.1.7/include]
    add: [/opt/cray/pe/pmi/6.1.2/include]
    add: [/opt/cray/pe/dsmml/0.2.2/dsmml//include]
    add: [/opt/cray/pe/gcc/11.2.0/snos/include/g++]
    add: [/opt/cray/pe/gcc/11.2.0/snos/include/g++/x86_64-suse-linux]
    add: [/opt/cray/pe/gcc/11.2.0/snos/include/g++/backward]
    add: [/opt/cray/pe/gcc/11.2.0/snos/lib/gcc/x86_64-suse-linux/11.2.0/include]
    add: [/usr/local/include]
    add: [/opt/cray/pe/gcc/11.2.0/snos/include]
    add: [/opt/cray/pe/gcc/11.2.0/snos/lib/gcc/x86_64-suse-linux/11.2.0/include-fixed]
    add: [/usr/include]
  end of search list found
  collapse include dir [/opt/cray/pe/mpich/8.1.16/ofi/gnu/9.1/include] ==> [/opt/cray/pe/mpich/8.1.16/ofi/gnu/9.1/include]
  collapse include dir [/opt/cray/pe/pals/1.1.7/include] ==> [/opt/cray/pe/pals/1.1.7/include]
  collapse include dir [/opt/cray/pe/pmi/6.1.2/include] ==> [/opt/cray/pe/pmi/6.1.2/include]
  collapse include dir [/opt/cray/pe/dsmml/0.2.2/dsmml//include] ==> [/opt/cray/pe/dsmml/0.2.2/dsmml/include]
  collapse include dir [/opt/cray/pe/gcc/11.2.0/snos/include/g++] ==> [/opt/cray/pe/gcc/11.2.0/snos/include/g++]
  collapse include dir [/opt/cray/pe/gcc/11.2.0/snos/include/g++/x86_64-suse-linux] ==> [/opt/cray/pe/gcc/11.2.0/snos/include/g++/x86_64-suse-linux]
  collapse include dir [/opt/cray/pe/gcc/11.2.0/snos/include/g++/backward] ==> [/opt/cray/pe/gcc/11.2.0/snos/include/g++/backward]
  collapse include dir [/opt/cray/pe/gcc/11.2.0/snos/lib/gcc/x86_64-suse-linux/11.2.0/include] ==> [/opt/cray/pe/gcc/11.2.0/snos/lib/gcc/x86_64-suse-linux/11.2.0/include]
  collapse include dir [/usr/local/include] ==> [/usr/local/include]
  collapse include dir [/opt/cray/pe/gcc/11.2.0/snos/include] ==> [/opt/cray/pe/gcc/11.2.0/snos/include]
  collapse include dir [/opt/cray/pe/gcc/11.2.0/snos/lib/gcc/x86_64-suse-linux/11.2.0/include-fixed] ==> [/opt/cray/pe/gcc/11.2.0/snos/lib/gcc/x86_64-suse-linux/11.2.0/include-fixed]
  collapse include dir [/usr/include] ==> [/usr/include]
  implicit include dirs: [/opt/cray/pe/mpich/8.1.16/ofi/gnu/9.1/include;/opt/cray/pe/pals/1.1.7/include;/opt/cray/pe/pmi/6.1.2/include;/opt/cray/pe/dsmml/0.2.2/dsmml/include;/opt/cray/pe/gcc/11.2.0/snos/include/g++;/opt/cray/pe/gcc/11.2.0/snos/include/g++/x86_64-suse-linux;/opt/cray/pe/gcc/11.2.0/snos/include/g++/backward;/opt/cray/pe/gcc/11.2.0/snos/lib/gcc/x86_64-suse-linux/11.2.0/include;/usr/local/include;/opt/cray/pe/gcc/11.2.0/snos/include;/opt/cray/pe/gcc/11.2.0/snos/lib/gcc/x86_64-suse-linux/11.2.0/include-fixed;/usr/include]


Parsed CXX implicit link information from above output:
  link line regex: [^( *|.*[/\])(ld|CMAKE_LINK_STARTFILE-NOTFOUND|([^/\]+-)?ld|collect2)[^/\]*( |$)]
  ignore line: [Change Dir: /lus/grand/projects/SEEr-Polaris/Polaris-Miniapps/miniapp_B/app_build/CMakeFiles/CMakeTmp]
  ignore line: []
  ignore line: [Run Build Command(s):/usr/bin/gmake -f Makefile cmTC_3feb4/fast && /usr/bin/gmake  -f CMakeFiles/cmTC_3feb4.dir/build.make CMakeFiles/cmTC_3feb4.dir/build]
  ignore line: [gmake[1]: Entering directory '/lus/grand/projects/SEEr-Polaris/Polaris-Miniapps/miniapp_B/app_build/CMakeFiles/CMakeTmp']
  ignore line: [Building CXX object CMakeFiles/cmTC_3feb4.dir/CMakeCXXCompilerABI.cpp.o]
  ignore line: [/opt/cray/pe/craype/2.7.15/bin/CC   -v -o CMakeFiles/cmTC_3feb4.dir/CMakeCXXCompilerABI.cpp.o -c /soft/datascience/conda/2022-09-08/mconda3/share/cmake-3.22/Modules/CMakeCXXCompilerABI.cpp]
  ignore line: [Using built-in specs.]
  ignore line: [COLLECT_GCC=/opt/cray/pe/gcc/11.2.0/bin/../snos/bin/g++]
  ignore line: [Target: x86_64-suse-linux]
  ignore line: [Configured with: ../cpe-gcc-11.2.0-202108140355.9bf1fd589a5c1/configure --prefix=/opt/cray/pe/gcc/11.2.0/snos --disable-nls --libdir=/opt/cray/pe/gcc/11.2.0/snos/lib --enable-languages=c c++ fortran --with-gxx-include-dir=/opt/cray/pe/gcc/11.2.0/snos/include/g++ --with-slibdir=/opt/cray/pe/gcc/11.2.0/snos/lib --with-system-zlib --enable-shared --enable-__cxa_atexit --build=x86_64-suse-linux --with-ppl --with-cloog --disable-multilib]
  ignore line: [Thread model: posix]
  ignore line: [Supported LTO compression algorithms: zlib]
  ignore line: [gcc version 11.2.0 20210728 (Cray Inc.) (GCC) ]
  ignore line: [COLLECT_GCC_OPTIONS='-march=znver2' '-D' '__CRAY_X86_ROME' '-D' '__CRAY_NVIDIA80' '-D' '__CRAYXT_COMPUTE_LINUX_TARGET' '-D' '__TARGET_LINUX__' '-v' '-o' 'CMakeFiles/cmTC_3feb4.dir/CMakeCXXCompilerABI.cpp.o' '-c' '-I' '/opt/cray/pe/mpich/8.1.16/ofi/gnu/9.1/include' '-I' '/opt/cray/pe/pals/1.1.7/include' '-I' '/opt/cray/pe/pmi/6.1.2/include' '-I' '/opt/cray/pe/dsmml/0.2.2/dsmml//include' '-shared-libgcc' '-dumpdir' 'CMakeFiles/cmTC_3feb4.dir/']
  ignore line: [ /opt/cray/pe/gcc/11.2.0/snos/libexec/gcc/x86_64-suse-linux/11.2.0/cc1plus -quiet -v -I /opt/cray/pe/mpich/8.1.16/ofi/gnu/9.1/include -I /opt/cray/pe/pals/1.1.7/include -I /opt/cray/pe/pmi/6.1.2/include -I /opt/cray/pe/dsmml/0.2.2/dsmml//include -D_GNU_SOURCE -D __CRAY_X86_ROME -D __CRAY_NVIDIA80 -D __CRAYXT_COMPUTE_LINUX_TARGET -D __TARGET_LINUX__ /soft/datascience/conda/2022-09-08/mconda3/share/cmake-3.22/Modules/CMakeCXXCompilerABI.cpp -quiet -dumpdir CMakeFiles/cmTC_3feb4.dir/ -dumpbase CMakeCXXCompilerABI.cpp.cpp -dumpbase-ext .cpp -march=znver2 -version -o /var/tmp/pbs.361596.polaris-pbs-01.hsn.cm.polaris.alcf.anl.gov/ccZn22FX.s]
  ignore line: [GNU C++17 (GCC) version 11.2.0 20210728 (Cray Inc.) (x86_64-suse-linux)]
  ignore line: [	compiled by GNU C version 11.2.0 20210728 (Cray Inc.)  GMP version 6.0.0  MPFR version 3.1.3  MPC version 1.0.3  isl version isl-0.15-GMP]
  ignore line: []
  ignore line: [GGC heuristics: --param ggc-min-expand=100 --param ggc-min-heapsize=131072]
  ignore line: [ignoring nonexistent directory "/opt/cray/pe/gcc/11.2.0/snos/lib/gcc/x86_64-suse-linux/11.2.0/../../../../x86_64-suse-linux/include"]
  ignore line: [#include "..." search starts here:]
  ignore line: [#include <...> search starts here:]
  ignore line: [ /opt/cray/pe/mpich/8.1.16/ofi/gnu/9.1/include]
  ignore line: [ /opt/cray/pe/pals/1.1.7/include]
  ignore line: [ /opt/cray/pe/pmi/6.1.2/include]
  ignore line: [ /opt/cray/pe/dsmml/0.2.2/dsmml//include]
  ignore line: [ /opt/cray/pe/gcc/11.2.0/snos/include/g++]
  ignore line: [ /opt/cray/pe/gcc/11.2.0/snos/include/g++/x86_64-suse-linux]
  ignore line: [ /opt/cray/pe/gcc/11.2.0/snos/include/g++/backward]
  ignore line: [ /opt/cray/pe/gcc/11.2.0/snos/lib/gcc/x86_64-suse-linux/11.2.0/include]
  ignore line: [ /usr/local/include]
  ignore line: [ /opt/cray/pe/gcc/11.2.0/snos/include]
  ignore line: [ /opt/cray/pe/gcc/11.2.0/snos/lib/gcc/x86_64-suse-linux/11.2.0/include-fixed]
  ignore line: [ /usr/include]
  ignore line: [End of search list.]
  ignore line: [GNU C++17 (GCC) version 11.2.0 20210728 (Cray Inc.) (x86_64-suse-linux)]
  ignore line: [	compiled by GNU C version 11.2.0 20210728 (Cray Inc.)  GMP version 6.0.0  MPFR version 3.1.3  MPC version 1.0.3  isl version isl-0.15-GMP]
  ignore line: []
  ignore line: [GGC heuristics: --param ggc-min-expand=100 --param ggc-min-heapsize=131072]
  ignore line: [Compiler executable checksum: 3d4a383112e4401915c216e400980bff]
  ignore line: [COLLECT_GCC_OPTIONS='-march=znver2' '-D' '__CRAY_X86_ROME' '-D' '__CRAY_NVIDIA80' '-D' '__CRAYXT_COMPUTE_LINUX_TARGET' '-D' '__TARGET_LINUX__' '-v' '-o' 'CMakeFiles/cmTC_3feb4.dir/CMakeCXXCompilerABI.cpp.o' '-c' '-I' '/opt/cray/pe/mpich/8.1.16/ofi/gnu/9.1/include' '-I' '/opt/cray/pe/pals/1.1.7/include' '-I' '/opt/cray/pe/pmi/6.1.2/include' '-I' '/opt/cray/pe/dsmml/0.2.2/dsmml//include' '-shared-libgcc' '-dumpdir' 'CMakeFiles/cmTC_3feb4.dir/']
  ignore line: [ as -v -I /opt/cray/pe/mpich/8.1.16/ofi/gnu/9.1/include -I /opt/cray/pe/pals/1.1.7/include -I /opt/cray/pe/pmi/6.1.2/include -I /opt/cray/pe/dsmml/0.2.2/dsmml//include --64 -o CMakeFiles/cmTC_3feb4.dir/CMakeCXXCompilerABI.cpp.o /var/tmp/pbs.361596.polaris-pbs-01.hsn.cm.polaris.alcf.anl.gov/ccZn22FX.s]
  ignore line: [GNU assembler version 2.35.1 (x86_64-suse-linux) using BFD version (GNU Binutils]
  ignore line: [ SUSE Linux Enterprise 15) 2.35.1.20201123-7.18]
  ignore line: [COMPILER_PATH=/opt/cray/pe/gcc/11.2.0/snos/libexec/gcc/x86_64-suse-linux/11.2.0/:/opt/cray/pe/gcc/11.2.0/snos/libexec/gcc/x86_64-suse-linux/11.2.0/:/opt/cray/pe/gcc/11.2.0/snos/libexec/gcc/x86_64-suse-linux/:/opt/cray/pe/gcc/11.2.0/snos/lib/gcc/x86_64-suse-linux/11.2.0/:/opt/cray/pe/gcc/11.2.0/snos/lib/gcc/x86_64-suse-linux/]
  ignore line: [LIBRARY_PATH=/opt/cray/pe/gcc/11.2.0/snos/lib/gcc/x86_64-suse-linux/11.2.0/:/opt/cray/pe/gcc/11.2.0/snos/lib/gcc/x86_64-suse-linux/11.2.0/../../../../lib64/:/lib/../lib64/:/usr/lib/../lib64/:/opt/cray/pe/gcc/11.2.0/snos/lib/gcc/x86_64-suse-linux/11.2.0/../../../:/lib/:/usr/lib/]
  ignore line: [COLLECT_GCC_OPTIONS='-march=znver2' '-D' '__CRAY_X86_ROME' '-D' '__CRAY_NVIDIA80' '-D' '__CRAYXT_COMPUTE_LINUX_TARGET' '-D' '__TARGET_LINUX__' '-v' '-o' 'CMakeFiles/cmTC_3feb4.dir/CMakeCXXCompilerABI.cpp.o' '-c' '-I' '/opt/cray/pe/mpich/8.1.16/ofi/gnu/9.1/include' '-I' '/opt/cray/pe/pals/1.1.7/include' '-I' '/opt/cray/pe/pmi/6.1.2/include' '-I' '/opt/cray/pe/dsmml/0.2.2/dsmml//include' '-shared-libgcc' '-dumpdir' 'CMakeFiles/cmTC_3feb4.dir/CMakeCXXCompilerABI.cpp.']
  ignore line: [Linking CXX executable cmTC_3feb4]
  ignore line: [/soft/datascience/conda/2022-09-08/mconda3/bin/cmake -E cmake_link_script CMakeFiles/cmTC_3feb4.dir/link.txt --verbose=1]
  ignore line: [/opt/cray/pe/craype/2.7.15/bin/CC  -v CMakeFiles/cmTC_3feb4.dir/CMakeCXXCompilerABI.cpp.o -o cmTC_3feb4 ]
  ignore line: [Using built-in specs.]
  ignore line: [COLLECT_GCC=/opt/cray/pe/gcc/11.2.0/bin/../snos/bin/g++]
  ignore line: [COLLECT_LTO_WRAPPER=/opt/cray/pe/gcc/11.2.0/snos/libexec/gcc/x86_64-suse-linux/11.2.0/lto-wrapper]
  ignore line: [Target: x86_64-suse-linux]
  ignore line: [Configured with: ../cpe-gcc-11.2.0-202108140355.9bf1fd589a5c1/configure --prefix=/opt/cray/pe/gcc/11.2.0/snos --disable-nls --libdir=/opt/cray/pe/gcc/11.2.0/snos/lib --enable-languages=c c++ fortran --with-gxx-include-dir=/opt/cray/pe/gcc/11.2.0/snos/include/g++ --with-slibdir=/opt/cray/pe/gcc/11.2.0/snos/lib --with-system-zlib --enable-shared --enable-__cxa_atexit --build=x86_64-suse-linux --with-ppl --with-cloog --disable-multilib]
  ignore line: [Thread model: posix]
  ignore line: [Supported LTO compression algorithms: zlib]
  ignore line: [gcc version 11.2.0 20210728 (Cray Inc.) (GCC) ]
  ignore line: [COMPILER_PATH=/opt/cray/pe/gcc/11.2.0/snos/libexec/gcc/x86_64-suse-linux/11.2.0/:/opt/cray/pe/gcc/11.2.0/snos/libexec/gcc/x86_64-suse-linux/11.2.0/:/opt/cray/pe/gcc/11.2.0/snos/libexec/gcc/x86_64-suse-linux/:/opt/cray/pe/gcc/11.2.0/snos/lib/gcc/x86_64-suse-linux/11.2.0/:/opt/cray/pe/gcc/11.2.0/snos/lib/gcc/x86_64-suse-linux/]
  ignore line: [LIBRARY_PATH=/opt/cray/pe/gcc/11.2.0/snos/lib/gcc/x86_64-suse-linux/11.2.0/:/opt/cray/pe/gcc/11.2.0/snos/lib/gcc/x86_64-suse-linux/11.2.0/../../../../lib64/:/lib/../lib64/:/usr/lib/../lib64/:/opt/cray/pe/gcc/11.2.0/snos/lib/gcc/x86_64-suse-linux/11.2.0/../../../:/lib/:/usr/lib/]
  ignore line: [COLLECT_GCC_OPTIONS='-march=znver2' '-D' '__CRAY_X86_ROME' '-D' '__CRAY_NVIDIA80' '-D' '__CRAYXT_COMPUTE_LINUX_TARGET' '-D' '__TARGET_LINUX__' '-v' '-o' 'cmTC_3feb4' '-I' '/opt/cray/pe/mpich/8.1.16/ofi/gnu/9.1/include' '-I' '/opt/cray/pe/pals/1.1.7/include' '-I' '/opt/cray/pe/pmi/6.1.2/include' '-I' '/opt/cray/pe/dsmml/0.2.2/dsmml//include' '-L/opt/cray/pe/mpich/8.1.16/ofi/gnu/9.1/lib' '-L/opt/cray/pe/mpich/8.1.16/gtl/lib' '-L/opt/cray/pe/pals/1.1.7/lib' '-L/opt/cray/pe/pmi/6.1.2/lib' '-L/opt/cray/pe/dsmml/0.2.2/dsmml//lib' '-shared-libgcc' '-dumpdir' 'cmTC_3feb4.']
  link line: [ /opt/cray/pe/gcc/11.2.0/snos/libexec/gcc/x86_64-suse-linux/11.2.0/collect2 -plugin /opt/cray/pe/gcc/11.2.0/snos/libexec/gcc/x86_64-suse-linux/11.2.0/liblto_plugin.so -plugin-opt=/opt/cray/pe/gcc/11.2.0/snos/libexec/gcc/x86_64-suse-linux/11.2.0/lto-wrapper -plugin-opt=-fresolution=/var/tmp/pbs.361596.polaris-pbs-01.hsn.cm.polaris.alcf.anl.gov/ccYxKf4T.res -plugin-opt=-pass-through=-lgcc_s -plugin-opt=-pass-through=-lgcc -plugin-opt=-pass-through=-lc -plugin-opt=-pass-through=-lgcc_s -plugin-opt=-pass-through=-lgcc --eh-frame-hdr -m elf_x86_64 -dynamic-linker /lib64/ld-linux-x86-64.so.2 -o cmTC_3feb4 /usr/lib/../lib64/crt1.o /usr/lib/../lib64/crti.o /opt/cray/pe/gcc/11.2.0/snos/lib/gcc/x86_64-suse-linux/11.2.0/crtbegin.o -L/opt/cray/pe/mpich/8.1.16/ofi/gnu/9.1/lib -L/opt/cray/pe/mpich/8.1.16/gtl/lib -L/opt/cray/pe/pals/1.1.7/lib -L/opt/cray/pe/pmi/6.1.2/lib -L/opt/cray/pe/dsmml/0.2.2/dsmml//lib -L/opt/cray/pe/gcc/11.2.0/snos/lib/gcc/x86_64-suse-linux/11.2.0 -L/opt/cray/pe/gcc/11.2.0/snos/lib/gcc/x86_64-suse-linux/11.2.0/../../../../lib64 -L/lib/../lib64 -L/usr/lib/../lib64 -L/opt/cray/pe/gcc/11.2.0/snos/lib/gcc/x86_64-suse-linux/11.2.0/../../.. CMakeFiles/cmTC_3feb4.dir/CMakeCXXCompilerABI.cpp.o -rpath=/opt/cray/pe/gcc-libs -Bdynamic --as-needed -lpals --no-as-needed --as-needed -lpmi --no-as-needed --as-needed -lpmi2 --no-as-needed --as-needed -lmpi_gnu_91 --no-as-needed -lmpi_gtl_cuda --as-needed -ldsmml --no-as-needed --as-needed -lgfortran -lquadmath --no-as-needed --as-needed -lmvec --no-as-needed --as-needed -lm --no-as-needed --as-needed -lpthread --no-as-needed --disable-new-dtags -lstdc++ -lm -lgcc_s -lgcc -lc -lgcc_s -lgcc /opt/cray/pe/gcc/11.2.0/snos/lib/gcc/x86_64-suse-linux/11.2.0/crtend.o /usr/lib/../lib64/crtn.o]
    arg [/opt/cray/pe/gcc/11.2.0/snos/libexec/gcc/x86_64-suse-linux/11.2.0/collect2] ==> ignore
    arg [-plugin] ==> ignore
    arg [/opt/cray/pe/gcc/11.2.0/snos/libexec/gcc/x86_64-suse-linux/11.2.0/liblto_plugin.so] ==> ignore
    arg [-plugin-opt=/opt/cray/pe/gcc/11.2.0/snos/libexec/gcc/x86_64-suse-linux/11.2.0/lto-wrapper] ==> ignore
    arg [-plugin-opt=-fresolution=/var/tmp/pbs.361596.polaris-pbs-01.hsn.cm.polaris.alcf.anl.gov/ccYxKf4T.res] ==> ignore
    arg [-plugin-opt=-pass-through=-lgcc_s] ==> ignore
    arg [-plugin-opt=-pass-through=-lgcc] ==> ignore
    arg [-plugin-opt=-pass-through=-lc] ==> ignore
    arg [-plugin-opt=-pass-through=-lgcc_s] ==> ignore
    arg [-plugin-opt=-pass-through=-lgcc] ==> ignore
    arg [--eh-frame-hdr] ==> ignore
    arg [-m] ==> ignore
    arg [elf_x86_64] ==> ignore
    arg [-dynamic-linker] ==> ignore
    arg [/lib64/ld-linux-x86-64.so.2] ==> ignore
    arg [-o] ==> ignore
    arg [cmTC_3feb4] ==> ignore
    arg [/usr/lib/../lib64/crt1.o] ==> obj [/usr/lib/../lib64/crt1.o]
    arg [/usr/lib/../lib64/crti.o] ==> obj [/usr/lib/../lib64/crti.o]
    arg [/opt/cray/pe/gcc/11.2.0/snos/lib/gcc/x86_64-suse-linux/11.2.0/crtbegin.o] ==> obj [/opt/cray/pe/gcc/11.2.0/snos/lib/gcc/x86_64-suse-linux/11.2.0/crtbegin.o]
    arg [-L/opt/cray/pe/mpich/8.1.16/ofi/gnu/9.1/lib] ==> dir [/opt/cray/pe/mpich/8.1.16/ofi/gnu/9.1/lib]
    arg [-L/opt/cray/pe/mpich/8.1.16/gtl/lib] ==> dir [/opt/cray/pe/mpich/8.1.16/gtl/lib]
    arg [-L/opt/cray/pe/pals/1.1.7/lib] ==> dir [/opt/cray/pe/pals/1.1.7/lib]
    arg [-L/opt/cray/pe/pmi/6.1.2/lib] ==> dir [/opt/cray/pe/pmi/6.1.2/lib]
    arg [-L/opt/cray/pe/dsmml/0.2.2/dsmml//lib] ==> dir [/opt/cray/pe/dsmml/0.2.2/dsmml//lib]
    arg [-L/opt/cray/pe/gcc/11.2.0/snos/lib/gcc/x86_64-suse-linux/11.2.0] ==> dir [/opt/cray/pe/gcc/11.2.0/snos/lib/gcc/x86_64-suse-linux/11.2.0]
    arg [-L/opt/cray/pe/gcc/11.2.0/snos/lib/gcc/x86_64-suse-linux/11.2.0/../../../../lib64] ==> dir [/opt/cray/pe/gcc/11.2.0/snos/lib/gcc/x86_64-suse-linux/11.2.0/../../../../lib64]
    arg [-L/lib/../lib64] ==> dir [/lib/../lib64]
    arg [-L/usr/lib/../lib64] ==> dir [/usr/lib/../lib64]
    arg [-L/opt/cray/pe/gcc/11.2.0/snos/lib/gcc/x86_64-suse-linux/11.2.0/../../..] ==> dir [/opt/cray/pe/gcc/11.2.0/snos/lib/gcc/x86_64-suse-linux/11.2.0/../../..]
    arg [CMakeFiles/cmTC_3feb4.dir/CMakeCXXCompilerABI.cpp.o] ==> ignore
    arg [-rpath=/opt/cray/pe/gcc-libs] ==> ignore
    arg [-Bdynamic] ==> search dynamic
    arg [--as-needed] ==> ignore
    arg [-lpals] ==> lib [pals]
    arg [--no-as-needed] ==> ignore
    arg [--as-needed] ==> ignore
    arg [-lpmi] ==> lib [pmi]
    arg [--no-as-needed] ==> ignore
    arg [--as-needed] ==> ignore
    arg [-lpmi2] ==> lib [pmi2]
    arg [--no-as-needed] ==> ignore
    arg [--as-needed] ==> ignore
    arg [-lmpi_gnu_91] ==> lib [mpi_gnu_91]
    arg [--no-as-needed] ==> ignore
    arg [-lmpi_gtl_cuda] ==> lib [mpi_gtl_cuda]
    arg [--as-needed] ==> ignore
    arg [-ldsmml] ==> lib [dsmml]
    arg [--no-as-needed] ==> ignore
    arg [--as-needed] ==> ignore
    arg [-lgfortran] ==> lib [gfortran]
    arg [-lquadmath] ==> lib [quadmath]
    arg [--no-as-needed] ==> ignore
    arg [--as-needed] ==> ignore
    arg [-lmvec] ==> lib [mvec]
    arg [--no-as-needed] ==> ignore
    arg [--as-needed] ==> ignore
    arg [-lm] ==> lib [m]
    arg [--no-as-needed] ==> ignore
    arg [--as-needed] ==> ignore
    arg [-lpthread] ==> lib [pthread]
    arg [--no-as-needed] ==> ignore
    arg [--disable-new-dtags] ==> ignore
    arg [-lstdc++] ==> lib [stdc++]
    arg [-lm] ==> lib [m]
    arg [-lgcc_s] ==> lib [gcc_s]
    arg [-lgcc] ==> lib [gcc]
    arg [-lc] ==> lib [c]
    arg [-lgcc_s] ==> lib [gcc_s]
    arg [-lgcc] ==> lib [gcc]
    arg [/opt/cray/pe/gcc/11.2.0/snos/lib/gcc/x86_64-suse-linux/11.2.0/crtend.o] ==> obj [/opt/cray/pe/gcc/11.2.0/snos/lib/gcc/x86_64-suse-linux/11.2.0/crtend.o]
    arg [/usr/lib/../lib64/crtn.o] ==> obj [/usr/lib/../lib64/crtn.o]
  collapse obj [/usr/lib/../lib64/crt1.o] ==> [/usr/lib64/crt1.o]
  collapse obj [/usr/lib/../lib64/crti.o] ==> [/usr/lib64/crti.o]
  collapse obj [/usr/lib/../lib64/crtn.o] ==> [/usr/lib64/crtn.o]
  collapse library dir [/opt/cray/pe/mpich/8.1.16/ofi/gnu/9.1/lib] ==> [/opt/cray/pe/mpich/8.1.16/ofi/gnu/9.1/lib]
  collapse library dir [/opt/cray/pe/mpich/8.1.16/gtl/lib] ==> [/opt/cray/pe/mpich/8.1.16/gtl/lib]
  collapse library dir [/opt/cray/pe/pals/1.1.7/lib] ==> [/opt/cray/pe/pals/1.1.7/lib]
  collapse library dir [/opt/cray/pe/pmi/6.1.2/lib] ==> [/opt/cray/pe/pmi/6.1.2/lib]
  collapse library dir [/opt/cray/pe/dsmml/0.2.2/dsmml//lib] ==> [/opt/cray/pe/dsmml/0.2.2/dsmml/lib]
  collapse library dir [/opt/cray/pe/gcc/11.2.0/snos/lib/gcc/x86_64-suse-linux/11.2.0] ==> [/opt/cray/pe/gcc/11.2.0/snos/lib/gcc/x86_64-suse-linux/11.2.0]
  collapse library dir [/opt/cray/pe/gcc/11.2.0/snos/lib/gcc/x86_64-suse-linux/11.2.0/../../../../lib64] ==> [/opt/cray/pe/gcc/11.2.0/snos/lib64]
  collapse library dir [/lib/../lib64] ==> [/lib64]
  collapse library dir [/usr/lib/../lib64] ==> [/usr/lib64]
  collapse library dir [/opt/cray/pe/gcc/11.2.0/snos/lib/gcc/x86_64-suse-linux/11.2.0/../../..] ==> [/opt/cray/pe/gcc/11.2.0/snos/lib]
  implicit libs: [pals;pmi;pmi2;mpi_gnu_91;mpi_gtl_cuda;dsmml;gfortran;quadmath;mvec;m;pthread;stdc++;m;gcc_s;gcc;c;gcc_s;gcc]
  implicit objs: [/usr/lib64/crt1.o;/usr/lib64/crti.o;/opt/cray/pe/gcc/11.2.0/snos/lib/gcc/x86_64-suse-linux/11.2.0/crtbegin.o;/opt/cray/pe/gcc/11.2.0/snos/lib/gcc/x86_64-suse-linux/11.2.0/crtend.o;/usr/lib64/crtn.o]
  implicit dirs: [/opt/cray/pe/mpich/8.1.16/ofi/gnu/9.1/lib;/opt/cray/pe/mpich/8.1.16/gtl/lib;/opt/cray/pe/pals/1.1.7/lib;/opt/cray/pe/pmi/6.1.2/lib;/opt/cray/pe/dsmml/0.2.2/dsmml/lib;/opt/cray/pe/gcc/11.2.0/snos/lib/gcc/x86_64-suse-linux/11.2.0;/opt/cray/pe/gcc/11.2.0/snos/lib64;/lib64;/usr/lib64;/opt/cray/pe/gcc/11.2.0/snos/lib]
  implicit fwks: []


